c:\users\jhssi\google drive\universidade\2 ano\1 semestre\poo\2017  2018\trabalho prático\formigueiro\formigueiro\x64\debug\vc141.pdb
c:\users\jhssi\google drive\universidade\2 ano\1 semestre\poo\2017  2018\trabalho prático\formigueiro\formigueiro\x64\debug\formigueiro.pch
c:\users\jhssi\google drive\universidade\2 ano\1 semestre\poo\2017  2018\trabalho prático\formigueiro\formigueiro\x64\debug\vc141.idb
c:\users\jhssi\google drive\universidade\2 ano\1 semestre\poo\2017  2018\trabalho prático\formigueiro\formigueiro\x64\debug\stdafx.obj
c:\users\jhssi\google drive\universidade\2 ano\1 semestre\poo\2017  2018\trabalho prático\formigueiro\formigueiro\x64\debug\assaltante.obj
c:\users\jhssi\google drive\universidade\2 ano\1 semestre\poo\2017  2018\trabalho prático\formigueiro\formigueiro\x64\debug\comunidades.obj
c:\users\jhssi\google drive\universidade\2 ano\1 semestre\poo\2017  2018\trabalho prático\formigueiro\formigueiro\x64\debug\consola.obj
c:\users\jhssi\google drive\universidade\2 ano\1 semestre\poo\2017  2018\trabalho prático\formigueiro\formigueiro\x64\debug\cuidadora.obj
c:\users\jhssi\google drive\universidade\2 ano\1 semestre\poo\2017  2018\trabalho prático\formigueiro\formigueiro\x64\debug\exploradora.obj
c:\users\jhssi\google drive\universidade\2 ano\1 semestre\poo\2017  2018\trabalho prático\formigueiro\formigueiro\x64\debug\formigas.obj
c:\users\jhssi\google drive\universidade\2 ano\1 semestre\poo\2017  2018\trabalho prático\formigueiro\formigueiro\x64\debug\formigueiro.obj
c:\users\jhssi\google drive\universidade\2 ano\1 semestre\poo\2017  2018\trabalho prático\formigueiro\formigueiro\x64\debug\migalhas.obj
c:\users\jhssi\google drive\universidade\2 ano\1 semestre\poo\2017  2018\trabalho prático\formigueiro\formigueiro\x64\debug\configuracao.obj
c:\users\jhssi\google drive\universidade\2 ano\1 semestre\poo\2017  2018\trabalho prático\formigueiro\formigueiro\x64\debug\mundo.obj
c:\users\jhssi\google drive\universidade\2 ano\1 semestre\poo\2017  2018\trabalho prático\formigueiro\formigueiro\x64\debug\ninhos.obj
c:\users\jhssi\google drive\universidade\2 ano\1 semestre\poo\2017  2018\trabalho prático\formigueiro\formigueiro\x64\debug\surpresa.obj
c:\users\jhssi\google drive\universidade\2 ano\1 semestre\poo\2017  2018\trabalho prático\formigueiro\formigueiro\x64\debug\vigilante.obj
c:\users\jhssi\google drive\universidade\2 ano\1 semestre\poo\2017  2018\trabalho prático\formigueiro\x64\debug\formigueiro.exe
c:\users\jhssi\google drive\universidade\2 ano\1 semestre\poo\2017  2018\trabalho prático\formigueiro\x64\debug\formigueiro.ilk
c:\users\jhssi\google drive\universidade\2 ano\1 semestre\poo\2017  2018\trabalho prático\formigueiro\x64\debug\formigueiro.pdb
c:\users\jhssi\google drive\universidade\2 ano\1 semestre\poo\2017  2018\trabalho prático\formigueiro\formigueiro\x64\debug\formigueiro.tlog\cl.command.1.tlog
c:\users\jhssi\google drive\universidade\2 ano\1 semestre\poo\2017  2018\trabalho prático\formigueiro\formigueiro\x64\debug\formigueiro.tlog\cl.read.1.tlog
c:\users\jhssi\google drive\universidade\2 ano\1 semestre\poo\2017  2018\trabalho prático\formigueiro\formigueiro\x64\debug\formigueiro.tlog\cl.write.1.tlog
c:\users\jhssi\google drive\universidade\2 ano\1 semestre\poo\2017  2018\trabalho prático\formigueiro\formigueiro\x64\debug\formigueiro.tlog\link.command.1.tlog
c:\users\jhssi\google drive\universidade\2 ano\1 semestre\poo\2017  2018\trabalho prático\formigueiro\formigueiro\x64\debug\formigueiro.tlog\link.read.1.tlog
c:\users\jhssi\google drive\universidade\2 ano\1 semestre\poo\2017  2018\trabalho prático\formigueiro\formigueiro\x64\debug\formigueiro.tlog\link.write.1.tlog
